Build started 12/5/2012 10:25:34 PM.
     1>Project "C:\Users\stephen.tansey\Desktop\TwitLibsLibDLL\TwitLibsLib\TwitLibsLib.vcxproj" on node 2 (build target(s)).
     1>InitializeBuildStatus:
         Creating "Release\TwitLibsLib.unsuccessfulbuild" because "AlwaysCreate" was specified.
       ClCompile:
         c:\Program Files (x86)\Microsoft Visual Studio 10.0\VC\bin\CL.exe /c /Zi /nologo /W3 /WX- /O2 /Oi /Oy- /GL /D WIN32 /D NDEBUG /D _WINDOWS /D _USRDLL /D TWITLIBSLIB_EXPORTS /D _WINDLL /D _UNICODE /D UNICODE /Gm- /EHsc /MD /GS /Gy /fp:precise /Zc:wchar_t /Zc:forScope /Fo"Release\\" /Fd"Release\vc100.pdb" /Gd /TP /analyze- /errorReport:prompt TwitLibsLib.cpp
         TwitLibsLib.cpp
     1>TwitLibsLib.cpp(156): warning C4996: 'gets': This function or variable may be unsafe. Consider using gets_s instead. To disable deprecation, use _CRT_SECURE_NO_WARNINGS. See online help for details.
                 c:\Program Files (x86)\Microsoft Visual Studio 10.0\VC\include\stdio.h(277) : see declaration of 'gets'
     1>TwitLibsLib.cpp(164): warning C4996: 'gets': This function or variable may be unsafe. Consider using gets_s instead. To disable deprecation, use _CRT_SECURE_NO_WARNINGS. See online help for details.
                 c:\Program Files (x86)\Microsoft Visual Studio 10.0\VC\include\stdio.h(277) : see declaration of 'gets'
     1>TwitLibsLib.cpp(213): warning C4996: 'gets': This function or variable may be unsafe. Consider using gets_s instead. To disable deprecation, use _CRT_SECURE_NO_WARNINGS. See online help for details.
                 c:\Program Files (x86)\Microsoft Visual Studio 10.0\VC\include\stdio.h(277) : see declaration of 'gets'
       Link:
         c:\Program Files (x86)\Microsoft Visual Studio 10.0\VC\bin\link.exe /ERRORREPORT:PROMPT /OUT:"C:\Users\stephen.tansey\Desktop\TwitLibsLibDLL\Release\TwitLibsLib.dll" /INCREMENTAL:NO /NOLOGO libs/libcurl.lib libs/twitcurl.lib kernel32.lib user32.lib gdi32.lib winspool.lib comdlg32.lib advapi32.lib shell32.lib ole32.lib oleaut32.lib uuid.lib odbc32.lib odbccp32.lib /MANIFEST /ManifestFile:"Release\TwitLibsLib.dll.intermediate.manifest" /MANIFESTUAC:"level='asInvoker' uiAccess='false'" /DEBUG /PDB:"C:\Users\stephen.tansey\Desktop\TwitLibsLibDLL\Release\TwitLibsLib.pdb" /SUBSYSTEM:WINDOWS /OPT:REF /OPT:ICF /LTCG /TLBID:1 /DYNAMICBASE /NXCOMPAT /IMPLIB:"C:\Users\stephen.tansey\Desktop\TwitLibsLibDLL\Release\TwitLibsLib.lib" /MACHINE:X86 /DLL Release\TwitLibsLib.obj
            Creating library C:\Users\stephen.tansey\Desktop\TwitLibsLibDLL\Release\TwitLibsLib.lib and object C:\Users\stephen.tansey\Desktop\TwitLibsLibDLL\Release\TwitLibsLib.exp
         Generating code
         Finished generating code
     1>twitcurl.lib(base64.obj) : warning LNK4099: PDB 'vc100.pdb' was not found with 'twitcurl.lib(base64.obj)' or at 'C:\Users\stephen.tansey\Desktop\TwitLibsLibDLL\Release\vc100.pdb'; linking object as if no debug info
     1>twitcurl.lib(HMAC_SHA1.obj) : warning LNK4099: PDB 'vc100.pdb' was not found with 'twitcurl.lib(HMAC_SHA1.obj)' or at 'C:\Users\stephen.tansey\Desktop\TwitLibsLibDLL\Release\vc100.pdb'; linking object as if no debug info
     1>twitcurl.lib(oauthlib.obj) : warning LNK4099: PDB 'vc100.pdb' was not found with 'twitcurl.lib(oauthlib.obj)' or at 'C:\Users\stephen.tansey\Desktop\TwitLibsLibDLL\Release\vc100.pdb'; linking object as if no debug info
     1>twitcurl.lib(SHA1.obj) : warning LNK4099: PDB 'vc100.pdb' was not found with 'twitcurl.lib(SHA1.obj)' or at 'C:\Users\stephen.tansey\Desktop\TwitLibsLibDLL\Release\vc100.pdb'; linking object as if no debug info
     1>twitcurl.lib(twitcurl.obj) : warning LNK4099: PDB 'vc100.pdb' was not found with 'twitcurl.lib(twitcurl.obj)' or at 'C:\Users\stephen.tansey\Desktop\TwitLibsLibDLL\Release\vc100.pdb'; linking object as if no debug info
     1>twitcurl.lib(urlencode.obj) : warning LNK4099: PDB 'vc100.pdb' was not found with 'twitcurl.lib(urlencode.obj)' or at 'C:\Users\stephen.tansey\Desktop\TwitLibsLibDLL\Release\vc100.pdb'; linking object as if no debug info
         TwitLibsLib.vcxproj -> C:\Users\stephen.tansey\Desktop\TwitLibsLibDLL\Release\TwitLibsLib.dll
       Manifest:
         c:\Program Files (x86)\Microsoft SDKs\Windows\v7.0A\bin\mt.exe /nologo /verbose /outputresource:"C:\Users\stephen.tansey\Desktop\TwitLibsLibDLL\Release\TwitLibsLib.dll;#2" /manifest Release\TwitLibsLib.dll.intermediate.manifest
       FinalizeBuildStatus:
         Deleting file "Release\TwitLibsLib.unsuccessfulbuild".
         Touching "Release\TwitLibsLib.lastbuildstate".
     1>Done Building Project "C:\Users\stephen.tansey\Desktop\TwitLibsLibDLL\TwitLibsLib\TwitLibsLib.vcxproj" (build target(s)).

Build succeeded.

Time Elapsed 00:00:02.51
